Mono path[0] = 'C:/Users/Yajas Malhotra/Documents/UBC/Year 3/COGS 300/Labs/lab7to9-robot-tournament-main/capture-ball-game/Build/Build1/Final Project Testing V2_Data/Managed'
Mono config path = 'C:/Users/Yajas Malhotra/Documents/UBC/Year 3/COGS 300/Labs/lab7to9-robot-tournament-main/capture-ball-game/Build/Build1/MonoBleedingEdge/etc'
Initialize engine version: 2020.2.2f1 (068178b99f32)
[Subsystems] Discovering subsystems at path C:/Users/Yajas Malhotra/Documents/UBC/Year 3/COGS 300/Labs/lab7to9-robot-tournament-main/capture-ball-game/Build/Build1/Final Project Testing V2_Data/UnitySubsystems
GfxDevice: creating device client; threaded=1
Direct3D:
    Version:  Direct3D 11.0 [level 11.1]
    Renderer: Intel(R) Iris(R) Xe Graphics (ID=0x9a49)
    Vendor:   
    VRAM:     3993 MB
    Driver:   27.20.100.8435
Begin MonoManager ReloadAssembly
- Completed reload, in  0.104 seconds
D3D11 device created for Microsoft Media Foundation video decoding.
<RI> Initializing input.
<RI> Input initialized.
<RI> Initialized touch support.
UnloadTime: 0.911000 ms
Fallback handler could not load library C:/Users/Yajas Malhotra/Documents/UBC/Year 3/COGS 300/Labs/lab7to9-robot-tournament-main/capture-ball-game/Build/Build1/Final Project Testing V2_Data/Mono/libcoreclr.so
Fallback handler could not load library C:/Users/Yajas Malhotra/Documents/UBC/Year 3/COGS 300/Labs/lab7to9-robot-tournament-main/capture-ball-game/Build/Build1/Final Project Testing V2_Data/Mono/libcoreclr.so.dll
Fallback handler could not load library C:/Users/Yajas Malhotra/Documents/UBC/Year 3/COGS 300/Labs/lab7to9-robot-tournament-main/capture-ball-game/Build/Build1/Final Project Testing V2_Data/Mono/libcoreclr.so
Fallback handler could not load library C:/Users/Yajas Malhotra/Documents/UBC/Year 3/COGS 300/Labs/lab7to9-robot-tournament-main/capture-ball-game/Build/Build1/Final Project Testing V2_Data/Mono/libdl.so
Fallback handler could not load library C:/Users/Yajas Malhotra/Documents/UBC/Year 3/COGS 300/Labs/lab7to9-robot-tournament-main/capture-ball-game/Build/Build1/Final Project Testing V2_Data/Mono/libdl.so.dll
Fallback handler could not load library C:/Users/Yajas Malhotra/Documents/UBC/Year 3/COGS 300/Labs/lab7to9-robot-tournament-main/capture-ball-game/Build/Build1/Final Project Testing V2_Data/Mono/libdl.so
Fallback handler could not load library C:/Users/Yajas Malhotra/Documents/UBC/Year 3/COGS 300/Labs/lab7to9-robot-tournament-main/capture-ball-game/Build/Build1/Final Project Testing V2_Data/Mono/libSystem.dylib
Fallback handler could not load library C:/Users/Yajas Malhotra/Documents/UBC/Year 3/COGS 300/Labs/lab7to9-robot-tournament-main/capture-ball-game/Build/Build1/Final Project Testing V2_Data/Mono/libSystem.dylib.dll
Fallback handler could not load library C:/Users/Yajas Malhotra/Documents/UBC/Year 3/COGS 300/Labs/lab7to9-robot-tournament-main/capture-ball-game/Build/Build1/Final Project Testing V2_Data/Mono/libSystem.dylib
Fallback handler could not load library C:/Users/Yajas Malhotra/Documents/UBC/Year 3/COGS 300/Labs/lab7to9-robot-tournament-main/capture-ball-game/Build/Build1/Final Project Testing V2_Data/Mono/libcoreclr.so
Fallback handler could not load library C:/Users/Yajas Malhotra/Documents/UBC/Year 3/COGS 300/Labs/lab7to9-robot-tournament-main/capture-ball-game/Build/Build1/Final Project Testing V2_Data/Mono/libcoreclr.so.dll
Fallback handler could not load library C:/Users/Yajas Malhotra/Documents/UBC/Year 3/COGS 300/Labs/lab7to9-robot-tournament-main/capture-ball-game/Build/Build1/Final Project Testing V2_Data/Mono/libcoreclr.so
Fallback handler could not load library C:/Users/Yajas Malhotra/Documents/UBC/Year 3/COGS 300/Labs/lab7to9-robot-tournament-main/capture-ball-game/Build/Build1/Final Project Testing V2_Data/Mono/libdl.so
Fallback handler could not load library C:/Users/Yajas Malhotra/Documents/UBC/Year 3/COGS 300/Labs/lab7to9-robot-tournament-main/capture-ball-game/Build/Build1/Final Project Testing V2_Data/Mono/libdl.so.dll
Fallback handler could not load library C:/Users/Yajas Malhotra/Documents/UBC/Year 3/COGS 300/Labs/lab7to9-robot-tournament-main/capture-ball-game/Build/Build1/Final Project Testing V2_Data/Mono/libdl.so
Fallback handler could not load library C:/Users/Yajas Malhotra/Documents/UBC/Year 3/COGS 300/Labs/lab7to9-robot-tournament-main/capture-ball-game/Build/Build1/Final Project Testing V2_Data/Mono/libSystem.dylib
Fallback handler could not load library C:/Users/Yajas Malhotra/Documents/UBC/Year 3/COGS 300/Labs/lab7to9-robot-tournament-main/capture-ball-game/Build/Build1/Final Project Testing V2_Data/Mono/libSystem.dylib.dll
Fallback handler could not load library C:/Users/Yajas Malhotra/Documents/UBC/Year 3/COGS 300/Labs/lab7to9-robot-tournament-main/capture-ball-game/Build/Build1/Final Project Testing V2_Data/Mono/libSystem.dylib
WARNING: The communication API versions between Unity and python differ at the minor version level. Python API: 1.5.0, Unity API: 1.2.0 Python Library Version: 0.28.0 .
This means that some features may not work unless you upgrade the package with the lower version.Please find the versions that work best together from our release page.
https://github.com/Unity-Technologies/ml-agents/releases

Unknown side channel data received. Channel Id is : b664a4a9-d86f-5a5f-95cb-e8353a7e8356

Draw!

Draw!

Draw!

Draw!

Draw!

Setting up 4 worker threads for Enlighten.
  Thread -> id: 27ac -> priority: 1 
  Thread -> id: 431c -> priority: 1 
  Thread -> id: 63b0 -> priority: 1 
  Thread -> id: 614c -> priority: 1 
Waiting on threads to park on joinable thread list timed out.
